2020-10-18 05:51:06 info undefined - API Server Start At Port 5000
2020-10-18 08:53:38 info undefined - API Server Start At Port 5000
2020-10-18 08:54:12 info undefined - API Server Start At Port 5000
2020-10-18 08:57:53 info undefined - API Server Start At Port 5000
here
2020-10-18 11:03:55 info undefined - API Server Start At Port 5000
2020-11-01 10:16:25 info undefined - API Server Start At Port 5000
events.js:291
      throw er; // Unhandled 'error' event
      ^

Error: listen EADDRINUSE: address already in use :::5000
    at Server.setupListenHandle [as _listen2] (net.js:1317:16)
    at listenInCluster (net.js:1365:12)
    at Server.listen (net.js:1451:7)
    at Function.listen (/home/ec2-user/SpeakUP_Server/node_modules/express/lib/application.js:618:24)
    at Object.<anonymous> (/home/ec2-user/SpeakUP_Server/app.js:5:11)
    at Module._compile (internal/modules/cjs/loader.js:1085:30)
    at Object.Module._extensions..js (internal/modules/cjs/loader.js:1114:10)
    at Module.load (internal/modules/cjs/loader.js:950:32)
    at Function.Module._load (internal/modules/cjs/loader.js:791:14)
    at Function.executeUserEntryPoint [as runMain] (internal/modules/run_main.js:72:12)
Emitted 'error' event on Server instance at:
    at emitErrorNT (net.js:1344:8)
    at processTicksAndRejections (internal/process/task_queues.js:80:21) {
  code: 'EADDRINUSE',
  errno: -98,
  syscall: 'listen',
  address: '::',
  port: 5000
}
2020-11-01 11:08:49 info undefined - API Server Start At Port 5000
events.js:291
      throw er; // Unhandled 'error' event
      ^

Error: listen EADDRINUSE: address already in use :::5000
    at Server.setupListenHandle [as _listen2] (net.js:1317:16)
    at listenInCluster (net.js:1365:12)
    at Server.listen (net.js:1451:7)
    at Function.listen (/home/ec2-user/SpeakUP_Server/node_modules/express/lib/application.js:618:24)
    at Object.<anonymous> (/home/ec2-user/SpeakUP_Server/app.js:5:11)
    at Module._compile (internal/modules/cjs/loader.js:1085:30)
    at Object.Module._extensions..js (internal/modules/cjs/loader.js:1114:10)
    at Module.load (internal/modules/cjs/loader.js:950:32)
    at Function.Module._load (internal/modules/cjs/loader.js:791:14)
    at Function.executeUserEntryPoint [as runMain] (internal/modules/run_main.js:72:12)
Emitted 'error' event on Server instance at:
    at emitErrorNT (net.js:1344:8)
    at processTicksAndRejections (internal/process/task_queues.js:80:21) {
  code: 'EADDRINUSE',
  errno: -98,
  syscall: 'listen',
  address: '::',
  port: 5000
}
2020-11-01 11:09:34 info undefined - API Server Start At Port 5000
events.js:291
      throw er; // Unhandled 'error' event
      ^

Error: listen EADDRINUSE: address already in use :::5000
    at Server.setupListenHandle [as _listen2] (net.js:1317:16)
    at listenInCluster (net.js:1365:12)
    at Server.listen (net.js:1451:7)
    at Function.listen (/home/ec2-user/SpeakUP_Server/node_modules/express/lib/application.js:618:24)
    at Object.<anonymous> (/home/ec2-user/SpeakUP_Server/app.js:5:11)
    at Module._compile (internal/modules/cjs/loader.js:1085:30)
    at Object.Module._extensions..js (internal/modules/cjs/loader.js:1114:10)
    at Module.load (internal/modules/cjs/loader.js:950:32)
    at Function.Module._load (internal/modules/cjs/loader.js:791:14)
    at Function.executeUserEntryPoint [as runMain] (internal/modules/run_main.js:72:12)
Emitted 'error' event on Server instance at:
    at emitErrorNT (net.js:1344:8)
    at processTicksAndRejections (internal/process/task_queues.js:80:21) {
  code: 'EADDRINUSE',
  errno: -98,
  syscall: 'listen',
  address: '::',
  port: 5000
}
2020-11-01 11:10:06 info undefined - API Server Start At Port 5000
events.js:291
      throw er; // Unhandled 'error' event
      ^

Error: listen EADDRINUSE: address already in use :::5000
    at Server.setupListenHandle [as _listen2] (net.js:1317:16)
    at listenInCluster (net.js:1365:12)
    at Server.listen (net.js:1451:7)
    at Function.listen (/home/ec2-user/SpeakUP_Server/node_modules/express/lib/application.js:618:24)
    at Object.<anonymous> (/home/ec2-user/SpeakUP_Server/app.js:5:11)
    at Module._compile (internal/modules/cjs/loader.js:1085:30)
    at Object.Module._extensions..js (internal/modules/cjs/loader.js:1114:10)
    at Module.load (internal/modules/cjs/loader.js:950:32)
    at Function.Module._load (internal/modules/cjs/loader.js:791:14)
    at Function.executeUserEntryPoint [as runMain] (internal/modules/run_main.js:72:12)
Emitted 'error' event on Server instance at:
    at emitErrorNT (net.js:1344:8)
    at processTicksAndRejections (internal/process/task_queues.js:80:21) {
  code: 'EADDRINUSE',
  errno: -98,
  syscall: 'listen',
  address: '::',
  port: 5000
}
2020-11-01 11:11:55 info undefined - API Server Start At Port 5000
2020-11-01 11:20:48 info undefined - API Server Start At Port 5000
2020-11-01 11:21:25 info undefined - API Server Start At Port 5000
events.js:291
      throw er; // Unhandled 'error' event
      ^

Error: listen EADDRINUSE: address already in use :::5000
    at Server.setupListenHandle [as _listen2] (net.js:1317:16)
    at listenInCluster (net.js:1365:12)
    at Server.listen (net.js:1451:7)
    at Function.listen (/home/ec2-user/SpeakUP_Server/node_modules/express/lib/application.js:618:24)
    at Object.<anonymous> (/home/ec2-user/SpeakUP_Server/app.js:5:11)
    at Module._compile (internal/modules/cjs/loader.js:1085:30)
    at Object.Module._extensions..js (internal/modules/cjs/loader.js:1114:10)
    at Module.load (internal/modules/cjs/loader.js:950:32)
    at Function.Module._load (internal/modules/cjs/loader.js:791:14)
    at Function.executeUserEntryPoint [as runMain] (internal/modules/run_main.js:72:12)
Emitted 'error' event on Server instance at:
    at emitErrorNT (net.js:1344:8)
    at processTicksAndRejections (internal/process/task_queues.js:80:21) {
  code: 'EADDRINUSE',
  errno: -98,
  syscall: 'listen',
  address: '::',
  port: 5000
}
